TN:
SF:src/commands.ts
FN:12,(anonymous_6)
FN:23,(anonymous_7)
FN:33,(anonymous_8)
FN:36,(anonymous_9)
FN:42,(anonymous_10)
FN:62,(anonymous_11)
FN:88,(anonymous_12)
FN:103,(anonymous_13)
FN:118,(anonymous_14)
FNF:9
FNH:9
FNDA:15,(anonymous_6)
FNDA:1,(anonymous_7)
FNDA:9,(anonymous_8)
FNDA:9,(anonymous_9)
FNDA:9,(anonymous_10)
FNDA:6,(anonymous_11)
FNDA:3,(anonymous_12)
FNDA:3,(anonymous_13)
FNDA:4,(anonymous_14)
DA:1,1
DA:2,1
DA:3,1
DA:4,1
DA:5,1
DA:7,1
DA:14,15
DA:15,15
DA:16,1
DA:18,14
DA:19,14
DA:20,14
DA:24,1
DA:30,1
DA:34,9
DA:35,9
DA:36,9
DA:37,9
DA:40,9
DA:41,9
DA:43,9
DA:44,9
DA:45,9
DA:50,2
DA:51,2
DA:55,7
DA:57,2
DA:58,2
DA:63,6
DA:64,6
DA:65,6
DA:66,1
DA:67,1
DA:70,5
DA:71,5
DA:72,5
DA:73,5
DA:74,5
DA:76,0
DA:80,5
DA:81,3
DA:82,2
DA:84,3
DA:89,3
DA:90,3
DA:91,3
DA:92,1
DA:95,2
DA:96,2
DA:97,1
DA:99,2
DA:104,3
DA:105,3
DA:106,3
DA:107,1
DA:110,2
DA:111,2
DA:112,1
DA:114,2
DA:119,4
DA:120,0
DA:123,4
LF:62
LH:60
BRDA:15,0,0,1
BRDA:50,1,0,2
BRDA:50,1,1,0
BRDA:57,2,0,2
BRDA:57,2,1,0
BRDA:64,3,0,6
BRDA:64,3,1,6
BRDA:64,4,0,4
BRDA:64,4,1,2
BRDA:65,5,0,1
BRDA:65,6,0,6
BRDA:65,6,1,6
BRDA:74,7,0,5
BRDA:74,7,1,0
BRDA:84,8,0,3
BRDA:84,8,1,0
BRDA:90,9,0,3
BRDA:90,9,1,3
BRDA:90,10,0,2
BRDA:90,10,1,1
BRDA:91,11,0,1
BRDA:99,12,0,2
BRDA:99,12,1,0
BRDA:105,13,0,3
BRDA:105,13,1,3
BRDA:105,14,0,2
BRDA:105,14,1,1
BRDA:106,15,0,1
BRDA:114,16,0,2
BRDA:114,16,1,0
BRDA:119,17,0,0
BRDA:123,18,0,4
BRDA:123,18,1,3
BRF:33
BRH:26
end_of_record
TN:
SF:src/directoryStructure.ts
FN:8,(anonymous_0)
FN:12,(anonymous_1)
FN:20,(anonymous_2)
FN:29,(anonymous_3)
FN:43,(anonymous_4)
FN:47,(anonymous_5)
FN:64,(anonymous_6)
FNF:7
FNH:7
FNDA:20,(anonymous_0)
FNDA:16,(anonymous_1)
FNDA:1,(anonymous_2)
FNDA:21,(anonymous_3)
FNDA:3,(anonymous_4)
FNDA:1,(anonymous_5)
FNDA:17,(anonymous_6)
DA:3,3
DA:5,3
DA:9,20
DA:13,16
DA:14,1
DA:17,15
DA:20,15
DA:22,15
DA:23,16
DA:26,15
DA:30,21
DA:31,21
DA:32,21
DA:35,21
DA:36,21
DA:39,21
DA:42,21
DA:43,3
DA:46,21
DA:47,1
DA:50,21
DA:51,17
DA:52,17
DA:53,17
DA:57,21
DA:58,5
DA:61,21
DA:65,17
DA:66,17
DA:67,15
DA:69,2
DA:70,2
LF:32
LH:32
BRDA:13,0,0,1
BRDA:29,1,0,16
BRDA:32,2,0,16
BRDA:32,2,1,5
BRDA:32,3,0,16
BRDA:32,3,1,1
BRDA:32,4,0,5
BRDA:32,4,1,1
BRDA:35,5,0,20
BRDA:35,5,1,1
BRDA:52,6,0,16
BRDA:52,6,1,1
BRDA:65,7,0,17
BRDA:65,7,1,1
BRDA:66,8,0,15
BRDA:70,9,0,1
BRDA:70,9,1,1
BRF:17
BRH:17
end_of_record
TN:
SF:src/extension.ts
FN:8,activate
FN:14,(anonymous_7)
FN:15,(anonymous_8)
FN:17,(anonymous_9)
FN:18,(anonymous_10)
FN:25,(anonymous_11)
FN:30,(anonymous_12)
FN:35,(anonymous_13)
FN:57,deactivate
FNF:9
FNH:0
FNDA:0,activate
FNDA:0,(anonymous_7)
FNDA:0,(anonymous_8)
FNDA:0,(anonymous_9)
FNDA:0,(anonymous_10)
FNDA:0,(anonymous_11)
FNDA:0,(anonymous_12)
FNDA:0,(anonymous_13)
FNDA:0,deactivate
DA:1,0
DA:2,0
DA:3,0
DA:4,0
DA:6,0
DA:8,0
DA:9,0
DA:11,0
DA:14,0
DA:15,0
DA:16,0
DA:17,0
DA:18,0
DA:22,0
DA:23,0
DA:24,0
DA:25,0
DA:26,0
DA:28,0
DA:29,0
DA:30,0
DA:31,0
DA:34,0
DA:35,0
DA:36,0
DA:37,0
DA:38,0
DA:40,0
DA:44,0
DA:49,0
DA:57,0
DA:58,0
DA:59,0
LF:33
LH:0
BRDA:17,0,0,0
BRDA:17,0,1,0
BRDA:17,1,0,0
BRDA:17,1,1,0
BRDA:17,2,0,0
BRDA:17,2,1,0
BRDA:18,3,0,0
BRDA:18,3,1,0
BRDA:18,4,0,0
BRDA:18,4,1,0
BRDA:18,5,0,0
BRDA:18,5,1,0
BRDA:23,6,0,0
BRDA:23,6,1,0
BRDA:25,7,0,0
BRDA:25,8,0,0
BRDA:25,8,1,0
BRDA:28,9,0,0
BRDA:28,9,1,0
BRDA:30,10,0,0
BRDA:30,11,0,0
BRDA:30,11,1,0
BRDA:38,12,0,0
BRDA:38,12,1,0
BRDA:44,13,0,0
BRDA:44,13,1,0
BRF:26
BRH:0
end_of_record
TN:
SF:src/fileOperations.ts
FN:15,(anonymous_6)
FN:20,(anonymous_7)
FN:113,(anonymous_8)
FN:146,(anonymous_9)
FNF:4
FNH:4
FNDA:31,(anonymous_6)
FNDA:38,(anonymous_7)
FNDA:41,(anonymous_8)
FNDA:25,(anonymous_9)
DA:1,2
DA:2,2
DA:3,2
DA:5,2
DA:6,2
DA:7,2
DA:8,2
DA:10,2
DA:16,31
DA:17,31
DA:21,38
DA:22,38
DA:25,38
DA:27,38
DA:28,37
DA:31,37
DA:32,7
DA:33,1
DA:36,6
DA:37,4
DA:45,4
DA:54,30
DA:55,28
DA:56,28
DA:58,28
DA:59,41
DA:60,41
DA:63,41
DA:64,7
DA:65,7
DA:68,34
DA:69,8
DA:70,8
DA:71,6
DA:73,2
DA:75,26
DA:76,26
DA:77,26
DA:78,26
DA:79,3
DA:80,3
DA:81,3
DA:84,23
DA:85,21
DA:93,2
DA:98,28
DA:106,6
DA:107,1
DA:109,5
DA:115,41
DA:118,41
DA:119,0
DA:123,41
DA:125,64
DA:126,53
DA:128,53
DA:129,1
DA:133,11
DA:138,11
DA:139,6
DA:143,34
DA:147,25
DA:148,25
DA:184,25
LF:64
LH:63
BRDA:22,0,0,9
BRDA:22,0,1,29
BRDA:28,1,0,7
BRDA:28,1,1,30
BRDA:31,2,0,7
BRDA:32,3,0,1
BRDA:47,4,0,4
BRDA:47,4,1,0
BRDA:63,5,0,7
BRDA:63,6,0,41
BRDA:63,6,1,41
BRDA:68,7,0,8
BRDA:68,7,1,26
BRDA:75,8,0,26
BRDA:78,9,0,3
BRDA:106,10,0,1
BRDA:106,11,0,6
BRDA:106,11,1,6
BRDA:115,12,0,0
BRDA:115,12,1,41
BRDA:118,13,0,0
BRDA:125,14,0,53
BRDA:125,14,1,11
BRDA:128,15,0,1
BRDA:138,16,0,6
BRDA:184,17,0,25
BRDA:184,17,1,12
BRF:27
BRH:24
end_of_record
TN:
SF:src/markdownGenerator.ts
FN:5,(anonymous_0)
FN:9,(anonymous_1)
FN:30,(anonymous_2)
FN:35,(anonymous_3)
FN:38,(anonymous_4)
FN:45,(anonymous_5)
FN:63,(anonymous_6)
FNF:7
FNH:7
FNDA:5,(anonymous_0)
FNDA:5,(anonymous_1)
FNDA:4,(anonymous_2)
FNDA:4,(anonymous_3)
FNDA:5,(anonymous_4)
FNDA:8,(anonymous_5)
FNDA:8,(anonymous_6)
DA:2,2
DA:4,2
DA:6,5
DA:10,5
DA:11,1
DA:14,4
DA:17,4
DA:20,4
DA:22,4
DA:23,4
DA:24,8
DA:27,4
DA:31,4
DA:32,4
DA:33,4
DA:35,4
DA:39,5
DA:40,5
DA:41,1
DA:46,8
DA:49,8
DA:52,8
DA:53,8
DA:56,8
DA:57,8
DA:58,8
DA:60,8
DA:64,8
DA:65,8
DA:66,8
DA:68,8
DA:69,6
DA:70,6
DA:74,8
DA:75,8
LF:35
LH:35
BRDA:6,0,0,5
BRDA:10,1,0,1
BRDA:68,2,0,14
BRDA:68,2,1,6
BRDA:74,3,0,8
BRDA:74,3,1,0
BRF:6
BRH:5
end_of_record
TN:
SF:src/ui.ts
FN:11,showInEditor
FN:27,copyToClipboard
FN:39,openInChatGPT
FNF:3
FNH:3
FNDA:3,showInEditor
FNDA:6,copyToClipboard
FNDA:5,openInChatGPT
DA:1,2
DA:2,2
DA:3,2
DA:4,2
DA:5,2
DA:6,2
DA:8,2
DA:9,2
DA:11,2
DA:12,3
DA:13,3
DA:17,1
DA:18,1
DA:19,1
DA:21,2
DA:22,2
DA:23,2
DA:27,2
DA:28,6
DA:29,6
DA:30,4
DA:31,4
DA:33,2
DA:34,2
DA:35,2
DA:39,2
DA:40,5
DA:41,5
DA:43,5
DA:44,1
DA:45,1
DA:48,4
DA:49,1
DA:50,1
DA:53,3
DA:54,3
DA:67,3
DA:68,3
DA:69,1
DA:70,1
DA:72,2
DA:73,2
DA:74,2
LF:43
LH:43
BRDA:21,0,0,1
BRDA:21,0,1,1
BRDA:33,1,0,1
BRDA:33,1,1,1
BRDA:43,2,0,1
BRDA:48,3,0,1
BRDA:72,4,0,1
BRDA:72,4,1,1
BRF:8
BRH:8
end_of_record
TN:
SF:src/errors/errors.ts
FN:4,(anonymous_6)
FN:16,(anonymous_7)
FN:23,(anonymous_8)
FN:29,(anonymous_9)
FN:36,(anonymous_10)
FN:42,(anonymous_11)
FN:48,(anonymous_12)
FN:54,(anonymous_13)
FN:60,(anonymous_14)
FN:66,(anonymous_15)
FN:72,(anonymous_16)
FN:78,(anonymous_17)
FN:85,(anonymous_18)
FN:92,(anonymous_19)
FNF:14
FNH:14
FNDA:34,(anonymous_6)
FNDA:21,(anonymous_7)
FNDA:7,(anonymous_8)
FNDA:25,(anonymous_9)
FNDA:4,(anonymous_10)
FNDA:2,(anonymous_11)
FNDA:8,(anonymous_12)
FNDA:5,(anonymous_13)
FNDA:2,(anonymous_14)
FNDA:2,(anonymous_15)
FNDA:2,(anonymous_16)
FNDA:4,(anonymous_17)
FNDA:2,(anonymous_18)
FNDA:2,(anonymous_19)
DA:1,7
DA:3,7
DA:5,34
DA:7,34
DA:9,34
DA:10,34
DA:17,21
DA:24,7
DA:28,7
DA:30,25
DA:31,25
DA:35,7
DA:37,4
DA:41,7
DA:43,2
DA:47,7
DA:49,8
DA:53,7
DA:55,5
DA:59,7
DA:61,2
DA:65,7
DA:67,2
DA:71,7
DA:73,2
DA:77,7
DA:79,4
DA:80,4
DA:84,7
DA:86,2
DA:87,2
DA:91,7
DA:93,2
DA:94,2
LF:34
LH:34
BRDA:17,0,0,21
BRDA:17,0,1,2
BRDA:30,1,0,25
BRDA:30,1,1,2
BRF:4
BRH:4
end_of_record
TN:
SF:src/services/configService.ts
FN:8,(anonymous_6)
FN:12,(anonymous_7)
FN:19,(anonymous_8)
FN:23,(anonymous_9)
FN:31,(anonymous_10)
FN:35,(anonymous_11)
FNF:6
FNH:5
FNDA:8,(anonymous_6)
FNDA:13,(anonymous_7)
FNDA:0,(anonymous_8)
FNDA:11,(anonymous_9)
FNDA:1,(anonymous_10)
FNDA:9,(anonymous_11)
DA:1,4
DA:2,4
DA:4,4
DA:5,4
DA:9,8
DA:13,13
DA:14,8
DA:16,13
DA:20,0
DA:24,11
DA:32,1
DA:36,9
DA:37,9
DA:38,9
DA:46,9
LF:15
LH:14
BRDA:13,0,0,8
BRDA:47,1,0,9
BRDA:47,1,1,2
BRDA:48,2,0,6
BRDA:48,2,1,3
BRDA:49,3,0,9
BRDA:49,3,1,3
BRDA:51,4,0,9
BRDA:51,4,1,3
BRDA:52,5,0,9
BRDA:52,5,1,3
BRDA:53,6,0,9
BRDA:53,6,1,3
BRDA:54,7,0,9
BRDA:54,7,1,3
BRDA:55,8,0,9
BRDA:55,8,1,3
BRF:17
BRH:17
end_of_record
TN:
SF:src/types/configTypes.ts
FNF:0
FNH:0
DA:16,4
LF:1
LH:1
BRF:0
BRH:0
end_of_record
TN:
SF:src/utils/errorUtils.ts
FN:8,extractErrorMessage
FN:31,logError
FNF:2
FNH:2
FNDA:21,extractErrorMessage
FNDA:11,logError
DA:1,3
DA:8,3
DA:9,21
DA:10,7
DA:13,14
DA:15,11
DA:16,4
DA:18,7
DA:22,3
DA:31,3
DA:36,11
DA:37,11
DA:38,8
DA:40,3
LF:14
LH:14
BRDA:9,0,0,7
BRDA:13,1,0,11
BRDA:15,2,0,4
BRDA:34,3,0,3
BRDA:37,4,0,8
BRDA:37,4,1,3
BRF:6
BRH:6
end_of_record
TN:
SF:src/utils/logger.ts
FN:8,(anonymous_6)
FN:13,(anonymous_7)
FN:20,(anonymous_8)
FN:24,(anonymous_9)
FN:29,(anonymous_10)
FN:35,(anonymous_11)
FN:52,(anonymous_12)
FN:59,(anonymous_13)
FN:66,(anonymous_14)
FN:73,(anonymous_15)
FNF:10
FNH:10
FNDA:3,(anonymous_6)
FNDA:47,(anonymous_7)
FNDA:52,(anonymous_8)
FNDA:10,(anonymous_9)
FNDA:8,(anonymous_10)
FNDA:70,(anonymous_11)
FNDA:1,(anonymous_12)
FNDA:1,(anonymous_13)
FNDA:1,(anonymous_14)
FNDA:1,(anonymous_15)
DA:1,4
DA:3,4
DA:9,3
DA:10,3
DA:14,47
DA:15,3
DA:17,47
DA:21,52
DA:25,10
DA:26,10
DA:30,8
DA:31,8
DA:32,8
DA:36,70
DA:37,70
DA:40,70
DA:43,70
DA:45,1
DA:53,1
DA:60,1
DA:67,1
DA:74,1
LF:22
LH:22
BRDA:14,0,0,3
BRDA:30,1,0,1
BRDA:30,1,1,7
BRDA:43,2,0,1
BRF:4
BRH:4
end_of_record
