TN:
SF:src/commands.ts
FN:12,(anonymous_6)
FN:23,(anonymous_7)
FN:33,(anonymous_8)
FN:37,(anonymous_9)
FN:49,(anonymous_10)
FN:64,(anonymous_11)
FN:79,(anonymous_12)
FN:94,(anonymous_13)
FNF:8
FNH:0
FNDA:0,(anonymous_6)
FNDA:0,(anonymous_7)
FNDA:0,(anonymous_8)
FNDA:0,(anonymous_9)
FNDA:0,(anonymous_10)
FNDA:0,(anonymous_11)
FNDA:0,(anonymous_12)
FNDA:0,(anonymous_13)
DA:1,0
DA:2,0
DA:3,0
DA:4,0
DA:5,0
DA:7,0
DA:14,0
DA:15,0
DA:16,0
DA:18,0
DA:19,0
DA:20,0
DA:24,0
DA:30,0
DA:34,0
DA:35,0
DA:36,0
DA:37,0
DA:42,0
DA:44,0
DA:45,0
DA:50,0
DA:51,0
DA:52,0
DA:53,0
DA:56,0
DA:57,0
DA:58,0
DA:60,0
DA:65,0
DA:66,0
DA:67,0
DA:68,0
DA:71,0
DA:72,0
DA:73,0
DA:75,0
DA:80,0
DA:81,0
DA:82,0
DA:83,0
DA:86,0
DA:87,0
DA:88,0
DA:90,0
DA:95,0
DA:96,0
DA:99,0
LF:48
LH:0
BRDA:15,0,0,0
BRDA:44,1,0,0
BRDA:44,1,1,0
BRDA:51,2,0,0
BRDA:51,2,1,0
BRDA:52,3,0,0
BRDA:60,4,0,0
BRDA:60,4,1,0
BRDA:66,5,0,0
BRDA:66,5,1,0
BRDA:67,6,0,0
BRDA:75,7,0,0
BRDA:75,7,1,0
BRDA:81,8,0,0
BRDA:81,8,1,0
BRDA:82,9,0,0
BRDA:90,10,0,0
BRDA:90,10,1,0
BRDA:95,11,0,0
BRDA:99,12,0,0
BRDA:99,12,1,0
BRF:21
BRH:0
end_of_record
TN:
SF:src/directoryStructure.ts
FN:8,(anonymous_0)
FN:12,(anonymous_1)
FN:20,(anonymous_2)
FN:29,(anonymous_3)
FN:42,(anonymous_4)
FN:46,(anonymous_5)
FN:62,(anonymous_6)
FNF:7
FNH:6
FNDA:8,(anonymous_0)
FNDA:7,(anonymous_1)
FNDA:1,(anonymous_2)
FNDA:9,(anonymous_3)
FNDA:2,(anonymous_4)
FNDA:0,(anonymous_5)
FNDA:9,(anonymous_6)
DA:3,2
DA:5,2
DA:9,8
DA:13,7
DA:14,1
DA:17,6
DA:20,6
DA:22,6
DA:23,7
DA:26,6
DA:30,9
DA:31,9
DA:32,9
DA:35,9
DA:38,9
DA:41,9
DA:42,2
DA:45,9
DA:46,0
DA:49,9
DA:50,9
DA:51,9
DA:55,9
DA:56,2
DA:59,9
DA:63,9
DA:64,9
DA:65,9
DA:67,0
DA:68,0
LF:30
LH:27
BRDA:13,0,0,1
BRDA:29,1,0,7
BRDA:32,2,0,7
BRDA:32,2,1,2
BRDA:32,3,0,7
BRDA:32,3,1,0
BRDA:32,4,0,2
BRDA:32,4,1,0
BRDA:63,5,0,9
BRDA:63,5,1,0
BRDA:64,6,0,9
BRDA:68,7,0,0
BRDA:68,7,1,0
BRF:13
BRH:8
end_of_record
TN:
SF:src/extension.ts
FN:7,activate
FN:13,deactivate
FNF:2
FNH:0
FNDA:0,activate
FNDA:0,deactivate
DA:2,0
DA:3,0
DA:5,0
DA:7,0
DA:8,0
DA:9,0
DA:10,0
DA:13,0
DA:14,0
DA:15,0
LF:10
LH:0
BRF:0
BRH:0
end_of_record
TN:
SF:src/fileOperations.ts
FN:12,(anonymous_6)
FN:16,(anonymous_7)
FN:86,(anonymous_8)
FN:87,(anonymous_9)
FN:98,(anonymous_10)
FNF:5
FNH:5
FNDA:10,(anonymous_6)
FNDA:13,(anonymous_7)
FNDA:19,(anonymous_8)
FNDA:36,(anonymous_9)
FNDA:10,(anonymous_10)
DA:1,1
DA:2,1
DA:3,1
DA:5,1
DA:6,1
DA:7,1
DA:9,1
DA:12,10
DA:13,10
DA:17,13
DA:18,13
DA:20,13
DA:21,13
DA:22,12
DA:23,1
DA:26,11
DA:27,11
DA:28,11
DA:30,11
DA:31,19
DA:32,19
DA:34,19
DA:35,4
DA:36,4
DA:39,15
DA:40,3
DA:41,3
DA:42,3
DA:44,0
DA:46,12
DA:47,12
DA:48,12
DA:49,12
DA:50,2
DA:53,10
DA:54,10
DA:62,2
DA:63,2
DA:65,0
DA:71,11
DA:79,2
DA:80,1
DA:82,1
DA:87,19
DA:89,36
DA:94,36
DA:99,10
DA:100,10
DA:136,10
LF:49
LH:47
BRDA:17,0,0,3
BRDA:17,0,1,10
BRDA:22,1,0,1
BRDA:34,2,0,4
BRDA:39,3,0,3
BRDA:39,3,1,12
BRDA:44,4,0,0
BRDA:44,4,1,0
BRDA:46,5,0,12
BRDA:49,6,0,2
BRDA:62,7,0,2
BRDA:62,7,1,0
BRDA:65,8,0,0
BRDA:65,8,1,0
BRDA:79,9,0,1
BRDA:82,10,0,1
BRDA:82,10,1,0
BRDA:136,11,0,10
BRDA:136,11,1,1
BRF:19
BRH:13
end_of_record
TN:
SF:src/l10n.ts
FN:5,initializeL10n
FNF:1
FNH:0
FNDA:0,initializeL10n
DA:2,0
DA:3,0
DA:5,0
DA:6,0
DA:7,0
DA:9,0
DA:10,0
DA:14,0
LF:8
LH:0
BRF:0
BRH:0
end_of_record
TN:
SF:src/markdownGenerator.ts
FN:5,(anonymous_0)
FN:9,(anonymous_1)
FN:30,(anonymous_2)
FN:35,(anonymous_3)
FN:38,(anonymous_4)
FN:45,(anonymous_5)
FN:63,(anonymous_6)
FNF:7
FNH:7
FNDA:4,(anonymous_0)
FNDA:4,(anonymous_1)
FNDA:3,(anonymous_2)
FNDA:3,(anonymous_3)
FNDA:4,(anonymous_4)
FNDA:6,(anonymous_5)
FNDA:6,(anonymous_6)
DA:2,1
DA:4,1
DA:6,4
DA:10,4
DA:11,1
DA:14,3
DA:17,3
DA:20,3
DA:22,3
DA:23,3
DA:24,6
DA:27,3
DA:31,3
DA:32,3
DA:33,3
DA:35,3
DA:39,4
DA:40,4
DA:41,1
DA:46,6
DA:49,6
DA:52,6
DA:53,6
DA:56,6
DA:57,6
DA:58,6
DA:60,6
DA:64,6
DA:65,6
DA:66,6
DA:68,6
DA:69,3
DA:70,3
DA:74,6
DA:75,6
LF:35
LH:35
BRDA:6,0,0,4
BRDA:10,1,0,1
BRDA:68,2,0,9
BRDA:68,2,1,3
BRDA:74,3,0,6
BRDA:74,3,1,0
BRF:6
BRH:5
end_of_record
TN:
SF:src/ui.ts
FN:12,showInEditor
FN:28,copyToClipboard
FN:40,openInChatGPT
FNF:3
FNH:3
FNDA:2,showInEditor
FNDA:4,copyToClipboard
FNDA:4,openInChatGPT
DA:1,1
DA:2,1
DA:3,1
DA:4,1
DA:5,1
DA:6,1
DA:7,1
DA:9,1
DA:10,1
DA:12,1
DA:13,2
DA:14,2
DA:18,1
DA:19,1
DA:20,1
DA:22,1
DA:23,1
DA:24,1
DA:28,1
DA:29,4
DA:30,4
DA:31,3
DA:32,3
DA:34,1
DA:35,1
DA:36,1
DA:40,1
DA:41,4
DA:42,4
DA:44,4
DA:45,1
DA:46,1
DA:47,1
DA:50,3
DA:51,1
DA:52,1
DA:53,1
DA:56,2
DA:58,2
DA:61,2
DA:72,2
DA:73,1
DA:74,1
DA:76,1
DA:77,1
DA:78,1
LF:46
LH:46
BRDA:22,0,0,1
BRDA:22,0,1,0
BRDA:34,1,0,1
BRDA:34,1,1,0
BRDA:44,2,0,1
BRDA:50,3,0,1
BRDA:76,4,0,1
BRDA:76,4,1,0
BRF:8
BRH:5
end_of_record
TN:
SF:src/errors/errors.ts
FN:4,(anonymous_6)
FN:16,(anonymous_7)
FN:23,(anonymous_8)
FN:29,(anonymous_9)
FN:36,(anonymous_10)
FN:42,(anonymous_11)
FN:48,(anonymous_12)
FN:54,(anonymous_13)
FN:60,(anonymous_14)
FN:66,(anonymous_15)
FN:72,(anonymous_16)
FN:78,(anonymous_17)
FN:84,(anonymous_18)
FN:90,(anonymous_19)
FNF:14
FNH:8
FNDA:9,(anonymous_6)
FNDA:0,(anonymous_7)
FNDA:0,(anonymous_8)
FNDA:4,(anonymous_9)
FNDA:1,(anonymous_10)
FNDA:0,(anonymous_11)
FNDA:2,(anonymous_12)
FNDA:1,(anonymous_13)
FNDA:0,(anonymous_14)
FNDA:0,(anonymous_15)
FNDA:0,(anonymous_16)
FNDA:3,(anonymous_17)
FNDA:1,(anonymous_18)
FNDA:1,(anonymous_19)
DA:1,2
DA:3,2
DA:5,9
DA:7,9
DA:9,9
DA:10,9
DA:17,0
DA:24,0
DA:28,2
DA:30,4
DA:31,4
DA:35,2
DA:37,1
DA:41,2
DA:43,0
DA:47,2
DA:49,2
DA:53,2
DA:55,1
DA:59,2
DA:61,0
DA:65,2
DA:67,0
DA:71,2
DA:73,0
DA:77,2
DA:79,3
DA:83,2
DA:85,1
DA:89,2
DA:91,1
LF:31
LH:25
BRDA:17,0,0,0
BRDA:17,0,1,0
BRF:2
BRH:0
end_of_record
TN:
SF:src/l10n/en.ts
FNF:0
FNH:0
DA:1,0
LF:1
LH:0
BRF:0
BRH:0
end_of_record
TN:
SF:src/l10n/index.ts
FN:13,getLocalizedMessage
FN:15,(anonymous_7)
FN:23,getMessageKey
FNF:3
FNH:0
FNDA:0,getLocalizedMessage
FNDA:0,(anonymous_7)
FNDA:0,getMessageKey
DA:1,0
DA:2,0
DA:3,0
DA:13,0
DA:14,0
DA:15,0
DA:23,0
DA:24,0
LF:8
LH:0
BRDA:14,0,0,0
BRDA:14,0,1,0
BRF:2
BRH:0
end_of_record
TN:
SF:src/l10n/ja.ts
FNF:0
FNH:0
DA:1,0
LF:1
LH:0
BRF:0
BRH:0
end_of_record
TN:
SF:src/services/configService.ts
FN:8,(anonymous_6)
FN:12,(anonymous_7)
FN:19,(anonymous_8)
FN:23,(anonymous_9)
FN:27,(anonymous_10)
FNF:5
FNH:4
FNDA:2,(anonymous_6)
FNDA:8,(anonymous_7)
FNDA:8,(anonymous_8)
FNDA:0,(anonymous_9)
FNDA:2,(anonymous_10)
DA:1,2
DA:2,2
DA:4,2
DA:9,2
DA:13,8
DA:14,2
DA:16,8
DA:20,8
DA:24,0
DA:28,2
DA:29,2
LF:11
LH:10
BRDA:13,0,0,2
BRF:1
BRH:1
end_of_record
TN:
SF:src/types/configTypes.ts
FNF:0
FNH:0
DA:16,2
LF:1
LH:1
BRF:0
BRH:0
end_of_record
TN:
SF:src/utils/logger.ts
FN:8,(anonymous_6)
FN:13,(anonymous_7)
FN:20,(anonymous_8)
FN:24,(anonymous_9)
FN:29,(anonymous_10)
FN:35,(anonymous_11)
FN:52,(anonymous_12)
FN:59,(anonymous_13)
FN:66,(anonymous_14)
FN:73,(anonymous_15)
FNF:10
FNH:6
FNDA:2,(anonymous_6)
FNDA:11,(anonymous_7)
FNDA:9,(anonymous_8)
FNDA:2,(anonymous_9)
FNDA:5,(anonymous_10)
FNDA:16,(anonymous_11)
FNDA:0,(anonymous_12)
FNDA:0,(anonymous_13)
FNDA:0,(anonymous_14)
FNDA:0,(anonymous_15)
DA:1,2
DA:3,2
DA:9,2
DA:10,2
DA:14,11
DA:15,2
DA:17,11
DA:21,9
DA:25,2
DA:26,2
DA:30,5
DA:31,5
DA:32,5
DA:36,16
DA:37,16
DA:40,16
DA:43,16
DA:45,0
DA:53,0
DA:60,0
DA:67,0
DA:74,0
LF:22
LH:17
BRDA:14,0,0,2
BRDA:30,1,0,0
BRDA:30,1,1,5
BRDA:43,2,0,0
BRF:4
BRH:2
end_of_record
